Using pre-set license
Built from '2020.3/release' branch; Version is '2020.3.7f1 (dd97f2c94397) revision 14522354'; Using compiler version '192528614'; Build Type 'Release'
OS: 'Windows 10 Home; OS build 19043.2251; Version 2009; 64bit' Language: 'pl' Physical Memory: 8131 MB
BatchMode: 1, IsHumanControllingUs: 0, StartBugReporterOnCrash: 0, Is64bit: 1, IsPro: 0

 COMMAND LINE ARGUMENTS:
D:\programy\Unity Hub\2020.3.7f1\Editor\Unity.exe
-adb2
-batchMode
-noUpm
-name
AssetImportWorker9
-projectPath
D:/CDV/programowaie_unity/Witchs Garden/Witch's Garden
-logFile
Logs/AssetImportWorker9.log
-srvPort
64142
Successfully changed project path to: D:/CDV/programowaie_unity/Witchs Garden/Witch's Garden
D:/CDV/programowaie_unity/Witchs Garden/Witch's Garden
Using Asset Import Pipeline V2.
Refreshing native plugins compatible for Editor in 24.54 ms, found 0 plugins.
Preloading 0 native plugins for Editor in 0.00 ms.
Initialize engine version: 2020.3.7f1 (dd97f2c94397)
[Subsystems] Discovering subsystems at path D:/programy/Unity Hub/2020.3.7f1/Editor/Data/Resources/UnitySubsystems
[Subsystems] Discovering subsystems at path D:/CDV/programowaie_unity/Witchs Garden/Witch's Garden/Assets
GfxDevice: creating device client; threaded=0
Direct3D:
    Version:  Direct3D 11.0 [level 11.1]
    Renderer: NVIDIA GeForce GTX 1050 Ti (ID=0x1c82)
    Vendor:   
    VRAM:     4018 MB
    Driver:   27.21.14.5751
Initialize mono
Mono path[0] = 'D:/programy/Unity Hub/2020.3.7f1/Editor/Data/Managed'
Mono path[1] = 'D:/programy/Unity Hub/2020.3.7f1/Editor/Data/MonoBleedingEdge/lib/mono/unityjit'
Mono config path = 'D:/programy/Unity Hub/2020.3.7f1/Editor/Data/MonoBleedingEdge/etc'
Using monoOptions --debugger-agent=transport=dt_socket,embedding=1,server=y,suspend=n,address=127.0.0.1:56112
Begin MonoManager ReloadAssembly
Registering precompiled unity dll's ...
Register platform support module: D:/programy/Unity Hub/2020.3.7f1/Editor/Data/PlaybackEngines/WebGLSupport/UnityEditor.WebGL.Extensions.dll
Register platform support module: D:/programy/Unity Hub/2020.3.7f1/Editor/Data/PlaybackEngines/WindowsStandaloneSupport/UnityEditor.WindowsStandalone.Extensions.dll
Registered in 0.091017 seconds.
Native extension for WindowsStandalone target not found
Native extension for WebGL target not found
Refreshing native plugins compatible for Editor in 24.89 ms, found 0 plugins.
Preloading 0 native plugins for Editor in 0.00 ms.
Mono: successfully reloaded assembly
- Completed reload, in  5.834 seconds
Platform modules already initialized, skipping
Registering precompiled user dll's ...
Registered in 0.017586 seconds.
Begin MonoManager ReloadAssembly
Symbol file data-000001FB718F6AF0 doesn't match image D:\CDV\programowaie_unity\Witchs Garden\Witch's Garden\Library\ScriptAssemblies\Unity.VSCode.Editor.dll
Symbol file LoadedFromMemory is not a mono symbol file
Native extension for WindowsStandalone target not found
Native extension for WebGL target not found
Refreshing native plugins compatible for Editor in 0.22 ms, found 0 plugins.
Preloading 0 native plugins for Editor in 0.00 ms.
Mono: successfully reloaded assembly
- Completed reload, in  1.168 seconds
Platform modules already initialized, skipping
========================================================================
Worker process is ready to serve import requests
Launched and connected shader compiler UnityShaderCompiler.exe after 0.20 seconds
Refreshing native plugins compatible for Editor in 0.28 ms, found 0 plugins.
Preloading 0 native plugins for Editor in 0.00 ms.
Unloading 1201 Unused Serialized files (Serialized files now loaded: 0)
System memory in use before: 71.4 MB.
System memory in use after: 71.4 MB.

Unloading 9 unused Assets to reduce memory usage. Loaded Objects now: 1645.
Total: 2.173900 ms (FindLiveObjects: 0.123400 ms CreateObjectMapping: 0.036700 ms MarkObjects: 1.920900 ms  DeleteObjects: 0.091200 ms)

========================================================================
Received Import Request.
  path: Assets/scripts/GardenManager.cs
  artifactKey: Guid(fb95d5efe3771d44d9d39e086d896210) Importer(815301076,1909f56bfc062723c751e8b465ee728b)
Start importing Assets/scripts/GardenManager.cs using Guid(fb95d5efe3771d44d9d39e086d896210) Importer(815301076,1909f56bfc062723c751e8b465ee728b)  -> (artifact id: 'bdbd40277896daa31c9ac1a35af4abf2') in 0.334350 seconds
  Import took 0.336183 seconds .

========================================================================
Received Prepare
Registering precompiled user dll's ...
Registered in 0.000502 seconds.
Begin MonoManager ReloadAssembly
Symbol file data-000001FB71A01020 doesn't match image D:\CDV\programowaie_unity\Witchs Garden\Witch's Garden\Library\ScriptAssemblies\Unity.VSCode.Editor.dll
Symbol file LoadedFromMemory is not a mono symbol file
Native extension for WindowsStandalone target not found
Native extension for WebGL target not found
Refreshing native plugins compatible for Editor in 0.22 ms, found 0 plugins.
Preloading 0 native plugins for Editor in 0.00 ms.
Mono: successfully reloaded assembly
- Completed reload, in  0.805 seconds
Platform modules already initialized, skipping
Refreshing native plugins compatible for Editor in 0.21 ms, found 0 plugins.
Preloading 0 native plugins for Editor in 0.00 ms.
Unloading 1181 Unused Serialized files (Serialized files now loaded: 0)
System memory in use before: 69.9 MB.
System memory in use after: 70.0 MB.

Unloading 4 unused Assets to reduce memory usage. Loaded Objects now: 1648.
Total: 1.674100 ms (FindLiveObjects: 0.164900 ms CreateObjectMapping: 0.046500 ms MarkObjects: 1.441300 ms  DeleteObjects: 0.019200 ms)

========================================================================
Received Prepare
Registering precompiled user dll's ...
Registered in 0.000548 seconds.
Begin MonoManager ReloadAssembly
Symbol file data-000001FB95ECFA40 doesn't match image D:\CDV\programowaie_unity\Witchs Garden\Witch's Garden\Library\ScriptAssemblies\Unity.VSCode.Editor.dll
Symbol file LoadedFromMemory is not a mono symbol file
Native extension for WindowsStandalone target not found
Native extension for WebGL target not found
Refreshing native plugins compatible for Editor in 0.22 ms, found 0 plugins.
Preloading 0 native plugins for Editor in 0.00 ms.
Mono: successfully reloaded assembly
- Completed reload, in  0.764 seconds
Platform modules already initialized, skipping
Refreshing native plugins compatible for Editor in 0.22 ms, found 0 plugins.
Preloading 0 native plugins for Editor in 0.00 ms.
Unloading 1181 Unused Serialized files (Serialized files now loaded: 0)
System memory in use before: 69.9 MB.
System memory in use after: 70.0 MB.

Unloading 4 unused Assets to reduce memory usage. Loaded Objects now: 1651.
Total: 1.649400 ms (FindLiveObjects: 0.150300 ms CreateObjectMapping: 0.037000 ms MarkObjects: 1.446200 ms  DeleteObjects: 0.014400 ms)

========================================================================
Received Prepare
Registering precompiled user dll's ...
Registered in 0.000523 seconds.
Begin MonoManager ReloadAssembly
Symbol file data-000001FB9887B820 doesn't match image D:\CDV\programowaie_unity\Witchs Garden\Witch's Garden\Library\ScriptAssemblies\Unity.VSCode.Editor.dll
Symbol file LoadedFromMemory is not a mono symbol file
Native extension for WindowsStandalone target not found
Native extension for WebGL target not found
Refreshing native plugins compatible for Editor in 0.22 ms, found 0 plugins.
Preloading 0 native plugins for Editor in 0.00 ms.
Mono: successfully reloaded assembly
- Completed reload, in  0.762 seconds
Platform modules already initialized, skipping
Refreshing native plugins compatible for Editor in 0.37 ms, found 0 plugins.
Preloading 0 native plugins for Editor in 0.00 ms.
Unloading 1181 Unused Serialized files (Serialized files now loaded: 0)
System memory in use before: 69.9 MB.
System memory in use after: 70.0 MB.

Unloading 4 unused Assets to reduce memory usage. Loaded Objects now: 1654.
Total: 4.255300 ms (FindLiveObjects: 0.324100 ms CreateObjectMapping: 0.080700 ms MarkObjects: 3.824400 ms  DeleteObjects: 0.024200 ms)

========================================================================
Received Prepare
Registering precompiled user dll's ...
Registered in 0.000670 seconds.
Begin MonoManager ReloadAssembly
Symbol file data-000001FB97B3DA30 doesn't match image D:\CDV\programowaie_unity\Witchs Garden\Witch's Garden\Library\ScriptAssemblies\Unity.VSCode.Editor.dll
Symbol file LoadedFromMemory is not a mono symbol file
Native extension for WindowsStandalone target not found
Native extension for WebGL target not found
Refreshing native plugins compatible for Editor in 0.22 ms, found 0 plugins.
Preloading 0 native plugins for Editor in 0.00 ms.
Mono: successfully reloaded assembly
- Completed reload, in  0.746 seconds
Platform modules already initialized, skipping
Refreshing native plugins compatible for Editor in 0.26 ms, found 0 plugins.
Preloading 0 native plugins for Editor in 0.00 ms.
Unloading 1181 Unused Serialized files (Serialized files now loaded: 0)
System memory in use before: 69.9 MB.
System memory in use after: 70.0 MB.

Unloading 4 unused Assets to reduce memory usage. Loaded Objects now: 1657.
Total: 2.339900 ms (FindLiveObjects: 0.206500 ms CreateObjectMapping: 0.048000 ms MarkObjects: 2.050400 ms  DeleteObjects: 0.032900 ms)

========================================================================
Received Prepare
Registering precompiled user dll's ...
Registered in 0.000933 seconds.
Begin MonoManager ReloadAssembly
Symbol file data-000001FB98BE4E80 doesn't match image D:\CDV\programowaie_unity\Witchs Garden\Witch's Garden\Library\ScriptAssemblies\Unity.VSCode.Editor.dll
Symbol file LoadedFromMemory is not a mono symbol file
Native extension for WindowsStandalone target not found
Native extension for WebGL target not found
Refreshing native plugins compatible for Editor in 0.29 ms, found 0 plugins.
Preloading 0 native plugins for Editor in 0.00 ms.
Mono: successfully reloaded assembly
- Completed reload, in  1.258 seconds
Platform modules already initialized, skipping
Refreshing native plugins compatible for Editor in 0.49 ms, found 0 plugins.
Preloading 0 native plugins for Editor in 0.00 ms.
Unloading 1181 Unused Serialized files (Serialized files now loaded: 0)
System memory in use before: 69.9 MB.
System memory in use after: 70.0 MB.

Unloading 4 unused Assets to reduce memory usage. Loaded Objects now: 1660.
Total: 1.784400 ms (FindLiveObjects: 0.145300 ms CreateObjectMapping: 0.044600 ms MarkObjects: 1.578300 ms  DeleteObjects: 0.014900 ms)

========================================================================
Received Import Request.
  Time since last request: 2769.568886 seconds.
  path: Assets/Art/Characters
  artifactKey: Guid(8eeb368565b95d140a23f1d0f11788ae) Importer(815301076,1909f56bfc062723c751e8b465ee728b)
Start importing Assets/Art/Characters using Guid(8eeb368565b95d140a23f1d0f11788ae) Importer(815301076,1909f56bfc062723c751e8b465ee728b)  -> (artifact id: '8e63760fa3f6126c21f52a434088a793') in 0.021192 seconds
  Import took 0.023651 seconds .

========================================================================
Received Import Request.
  Time since last request: 2.139102 seconds.
  path: Assets/Art/Characters/Characters
  artifactKey: Guid(7241741a833b7b24782425751a364582) Importer(815301076,1909f56bfc062723c751e8b465ee728b)
Start importing Assets/Art/Characters/Characters using Guid(7241741a833b7b24782425751a364582) Importer(815301076,1909f56bfc062723c751e8b465ee728b)  -> (artifact id: '0cfb78e8e02c0048bcce880fa7b37d5b') in 0.003032 seconds
  Import took 0.005412 seconds .

========================================================================
Received Import Request.
  Time since last request: 55.170927 seconds.
  path: Assets/Art/Plants/blue_plant1.png
  artifactKey: Guid(b36cac9548d240045bcbaa52514cd4c0) Importer(815301076,1909f56bfc062723c751e8b465ee728b)
Start importing Assets/Art/Plants/blue_plant1.png using Guid(b36cac9548d240045bcbaa52514cd4c0) Importer(815301076,1909f56bfc062723c751e8b465ee728b)  -> (artifact id: 'beca4cce9ca84ada1d969adfb4affaa7') in 0.710671 seconds
  Import took 0.713408 seconds .

========================================================================
Received Import Request.
  Time since last request: 0.000438 seconds.
  path: Assets/Art/Plants/red_plant2.png
  artifactKey: Guid(b1d150d93ddd5cd4aae4023f88fe16c1) Importer(815301076,1909f56bfc062723c751e8b465ee728b)
Start importing Assets/Art/Plants/red_plant2.png using Guid(b1d150d93ddd5cd4aae4023f88fe16c1) Importer(815301076,1909f56bfc062723c751e8b465ee728b)  -> (artifact id: '8cc81e865b67cdbf386e2d58330e5f0b') in 0.085899 seconds
  Import took 0.088196 seconds .

========================================================================
Received Import Request.
  Time since last request: 0.000812 seconds.
  path: Assets/Art/Plants/strawberry1.png
  artifactKey: Guid(863ef6d83883b68499c41928727778c7) Importer(815301076,1909f56bfc062723c751e8b465ee728b)
Start importing Assets/Art/Plants/strawberry1.png using Guid(863ef6d83883b68499c41928727778c7) Importer(815301076,1909f56bfc062723c751e8b465ee728b)  -> (artifact id: '74c5e19b76d195b492d7335699c37b7a') in 0.072060 seconds
  Import took 0.073928 seconds .

========================================================================
Received Import Request.
  Time since last request: 0.000289 seconds.
  path: Assets/Art/Plants/strawberry3.png
  artifactKey: Guid(f09729d3fba79214bbd131438d092afd) Importer(815301076,1909f56bfc062723c751e8b465ee728b)
Start importing Assets/Art/Plants/strawberry3.png using Guid(f09729d3fba79214bbd131438d092afd) Importer(815301076,1909f56bfc062723c751e8b465ee728b)  -> (artifact id: 'da72c1f80d5a7dc360ca3ab1e2c7d259') in 0.006085 seconds
  Import took 0.007946 seconds .

========================================================================
Received Import Request.
  Time since last request: 0.000244 seconds.
  path: Assets/Art/Plants/grzyb2.png
  artifactKey: Guid(9ba96e7e9c8a89e49988e7d4e7e950f1) Importer(815301076,1909f56bfc062723c751e8b465ee728b)
Start importing Assets/Art/Plants/grzyb2.png using Guid(9ba96e7e9c8a89e49988e7d4e7e950f1) Importer(815301076,1909f56bfc062723c751e8b465ee728b)  -> (artifact id: '9b1257ac74a246bfa0fd32799081b511') in 0.023503 seconds
  Import took 0.025283 seconds .

========================================================================
Received Import Request.
  Time since last request: 0.000215 seconds.
  path: Assets/Art/Plants/green_plant1.png
  artifactKey: Guid(70bf6a4f05736404fbdd0d75f0be1489) Importer(815301076,1909f56bfc062723c751e8b465ee728b)
Start importing Assets/Art/Plants/green_plant1.png using Guid(70bf6a4f05736404fbdd0d75f0be1489) Importer(815301076,1909f56bfc062723c751e8b465ee728b)  -> (artifact id: '2ca80ae2a6ff1086a42712e3ff6700bc') in 0.195826 seconds
  Import took 0.197837 seconds .

========================================================================
Received Import Request.
  Time since last request: 0.000219 seconds.
  path: Assets/Art/Plants/grzyb3.png
  artifactKey: Guid(4763f6f27d93a2c4496ed78dcf89dd65) Importer(815301076,1909f56bfc062723c751e8b465ee728b)
Start importing Assets/Art/Plants/grzyb3.png using Guid(4763f6f27d93a2c4496ed78dcf89dd65) Importer(815301076,1909f56bfc062723c751e8b465ee728b)  -> (artifact id: '2cbcaa33168c7739e2d417b9d3e89445') in 0.006061 seconds
  Import took 0.008376 seconds .

========================================================================
Received Import Request.
  Time since last request: 0.000303 seconds.
  path: Assets/Art/Plants/grzyb1.png
  artifactKey: Guid(20cf073349a5ba34889b5f961f9eb551) Importer(815301076,1909f56bfc062723c751e8b465ee728b)
Start importing Assets/Art/Plants/grzyb1.png using Guid(20cf073349a5ba34889b5f961f9eb551) Importer(815301076,1909f56bfc062723c751e8b465ee728b)  -> (artifact id: '29c545d92049407e6096c1b09769e7d5') in 0.026864 seconds
  Import took 0.028879 seconds .

========================================================================
Received Import Request.
  Time since last request: 0.000310 seconds.
  path: Assets/Art/Plants/strawberry2.png
  artifactKey: Guid(c9fca7173ae323c4b92a2dea00078435) Importer(815301076,1909f56bfc062723c751e8b465ee728b)
Start importing Assets/Art/Plants/strawberry2.png using Guid(c9fca7173ae323c4b92a2dea00078435) Importer(815301076,1909f56bfc062723c751e8b465ee728b)  -> (artifact id: '4f618d6c1956b10c5242f8a4c3e00fdc') in 0.006377 seconds
  Import took 0.008205 seconds .

========================================================================
Received Import Request.
  Time since last request: 0.000275 seconds.
  path: Assets/Art/Plants/blue_plant3.png
  artifactKey: Guid(18f048e85bd23294eb3a9ab600eacfcc) Importer(815301076,1909f56bfc062723c751e8b465ee728b)
Start importing Assets/Art/Plants/blue_plant3.png using Guid(18f048e85bd23294eb3a9ab600eacfcc) Importer(815301076,1909f56bfc062723c751e8b465ee728b)  -> (artifact id: '0e0964cfeea8c0a7e3b4a10edc206d98') in 0.115697 seconds
  Import took 0.117630 seconds .

========================================================================
Received Import Request.
  Time since last request: 0.000171 seconds.
  path: Assets/Art/Plants/red_plant3.png
  artifactKey: Guid(53b7f4bb541bf4a4c9076e4ef90cbf32) Importer(815301076,1909f56bfc062723c751e8b465ee728b)
Start importing Assets/Art/Plants/red_plant3.png using Guid(53b7f4bb541bf4a4c9076e4ef90cbf32) Importer(815301076,1909f56bfc062723c751e8b465ee728b)  -> (artifact id: '7cdfe6faf914cd471bcda12dc0d36ea2') in 0.006433 seconds
  Import took 0.008635 seconds .

========================================================================
Received Import Request.
  Time since last request: 0.000247 seconds.
  path: Assets/Art/Plants/strawberry4_ZBIORY.png
  artifactKey: Guid(d2beca0f512ee31459d43181b705c31a) Importer(815301076,1909f56bfc062723c751e8b465ee728b)
Start importing Assets/Art/Plants/strawberry4_ZBIORY.png using Guid(d2beca0f512ee31459d43181b705c31a) Importer(815301076,1909f56bfc062723c751e8b465ee728b)  -> (artifact id: '4cf9a32f65a37601025c1c62521d7742') in 0.057470 seconds
  Import took 0.060150 seconds .

========================================================================
Received Import Request.
  Time since last request: 0.000246 seconds.
  path: Assets/Art/Plants/orange_plant1.png
  artifactKey: Guid(cda2711768bca7347a6ebb1ea03d2ad7) Importer(815301076,1909f56bfc062723c751e8b465ee728b)
Start importing Assets/Art/Plants/orange_plant1.png using Guid(cda2711768bca7347a6ebb1ea03d2ad7) Importer(815301076,1909f56bfc062723c751e8b465ee728b)  -> (artifact id: '7efa41602b76b7efa152ebd577998edf') in 0.009663 seconds
  Import took 0.012924 seconds .

========================================================================
Received Import Request.
  Time since last request: 0.000229 seconds.
  path: Assets/Art/Plants/green_plant3.png
  artifactKey: Guid(5ea955ffa27a73f4b8e0552d735931f0) Importer(815301076,1909f56bfc062723c751e8b465ee728b)
Start importing Assets/Art/Plants/green_plant3.png using Guid(5ea955ffa27a73f4b8e0552d735931f0) Importer(815301076,1909f56bfc062723c751e8b465ee728b)  -> (artifact id: 'da76d109157c252d7209cfc9534def5e') in 0.183820 seconds
  Import took 0.186283 seconds .

========================================================================
Received Import Request.
  Time since last request: 0.000230 seconds.
  path: Assets/Art/Plants/blue_plant4_ZBIORY.png
  artifactKey: Guid(4bd48759946de884fac99462972b8d85) Importer(815301076,1909f56bfc062723c751e8b465ee728b)
Start importing Assets/Art/Plants/blue_plant4_ZBIORY.png using Guid(4bd48759946de884fac99462972b8d85) Importer(815301076,1909f56bfc062723c751e8b465ee728b)  -> (artifact id: '0bdfd6809b2b4193781571e73851a456') in 0.167072 seconds
  Import took 0.169401 seconds .

========================================================================
Received Import Request.
  Time since last request: 0.000246 seconds.
  path: Assets/Art/Plants/orange_plant3.png
  artifactKey: Guid(d24549a114ce18a4594ab86a6e056a86) Importer(815301076,1909f56bfc062723c751e8b465ee728b)
Start importing Assets/Art/Plants/orange_plant3.png using Guid(d24549a114ce18a4594ab86a6e056a86) Importer(815301076,1909f56bfc062723c751e8b465ee728b)  -> (artifact id: '27d6a121b29c549da09b33bb93f0aff2') in 0.050036 seconds
  Import took 0.052202 seconds .

========================================================================
Received Import Request.
  Time since last request: 0.000294 seconds.
  path: Assets/Art/Plants/orange_plant4_ZBIORY.png
  artifactKey: Guid(2eb2cf7439a494144bd996e5a1ec93ee) Importer(815301076,1909f56bfc062723c751e8b465ee728b)
Start importing Assets/Art/Plants/orange_plant4_ZBIORY.png using Guid(2eb2cf7439a494144bd996e5a1ec93ee) Importer(815301076,1909f56bfc062723c751e8b465ee728b)  -> (artifact id: '9cdbe7e13cd718bdac9a06025e0494c7') in 0.007345 seconds
  Import took 0.009489 seconds .

========================================================================
Received Import Request.
  Time since last request: 0.000198 seconds.
  path: Assets/Art/Plants/red_plant4_ZBIORY.png
  artifactKey: Guid(b699a05aefa7a0c46a526781421b756b) Importer(815301076,1909f56bfc062723c751e8b465ee728b)
Start importing Assets/Art/Plants/red_plant4_ZBIORY.png using Guid(b699a05aefa7a0c46a526781421b756b) Importer(815301076,1909f56bfc062723c751e8b465ee728b)  -> (artifact id: '08d9b5e02367c531bafbb4120183615b') in 0.006645 seconds
  Import took 0.008714 seconds .

========================================================================
Received Import Request.
  Time since last request: 0.000253 seconds.
  path: Assets/Art/Plants/green_plant4_ZBIORY.png
  artifactKey: Guid(87b5a2bed01ab174aa6ba6218046703d) Importer(815301076,1909f56bfc062723c751e8b465ee728b)
Start importing Assets/Art/Plants/green_plant4_ZBIORY.png using Guid(87b5a2bed01ab174aa6ba6218046703d) Importer(815301076,1909f56bfc062723c751e8b465ee728b)  -> (artifact id: '346da03f6373d5a19f778c9226dcdb82') in 0.161843 seconds
  Import took 0.163806 seconds .

========================================================================
Received Import Request.
  Time since last request: 0.000268 seconds.
  path: Assets/Art/Plants/red_plant1.png
  artifactKey: Guid(0262e9c625d71a647a67104e6a3cf310) Importer(815301076,1909f56bfc062723c751e8b465ee728b)
Start importing Assets/Art/Plants/red_plant1.png using Guid(0262e9c625d71a647a67104e6a3cf310) Importer(815301076,1909f56bfc062723c751e8b465ee728b)  -> (artifact id: '794f5082773a0be979307f4b6b2f2463') in 0.005010 seconds
  Import took 0.007098 seconds .

========================================================================
Received Import Request.
  Time since last request: 0.000306 seconds.
  path: Assets/Art/Plants/orange_plant2.png
  artifactKey: Guid(cdf0ac943e099074d834adb2e1109033) Importer(815301076,1909f56bfc062723c751e8b465ee728b)
Start importing Assets/Art/Plants/orange_plant2.png using Guid(cdf0ac943e099074d834adb2e1109033) Importer(815301076,1909f56bfc062723c751e8b465ee728b)  -> (artifact id: 'd5365e47a14b17ef264ef1cabe712cc6') in 0.013829 seconds
  Import took 0.016188 seconds .

========================================================================
Received Import Request.
  Time since last request: 0.000290 seconds.
  path: Assets/Art/Plants/green_plan2.png
  artifactKey: Guid(96591d842942f644b872c4db5fcaf20d) Importer(815301076,1909f56bfc062723c751e8b465ee728b)
Start importing Assets/Art/Plants/green_plan2.png using Guid(96591d842942f644b872c4db5fcaf20d) Importer(815301076,1909f56bfc062723c751e8b465ee728b)  -> (artifact id: '14c7f4caad14fbd4126e28d91cef4def') in 0.195326 seconds
  Import took 0.197518 seconds .

========================================================================
Received Import Request.
  Time since last request: 0.000271 seconds.
  path: Assets/Art/Plants/blue_plant2.png
  artifactKey: Guid(ea8bfd2d4d881e84d8aaf535429ccff4) Importer(815301076,1909f56bfc062723c751e8b465ee728b)
Start importing Assets/Art/Plants/blue_plant2.png using Guid(ea8bfd2d4d881e84d8aaf535429ccff4) Importer(815301076,1909f56bfc062723c751e8b465ee728b)  -> (artifact id: '58f1dc41c354bc6c890eee27e221d764') in 0.065811 seconds
  Import took 0.067572 seconds .

========================================================================
Received Prepare
Registering precompiled user dll's ...
Registered in 0.000494 seconds.
Begin MonoManager ReloadAssembly
Symbol file data-000001FB9887B820 doesn't match image D:\CDV\programowaie_unity\Witchs Garden\Witch's Garden\Library\ScriptAssemblies\Unity.VSCode.Editor.dll
Symbol file LoadedFromMemory is not a mono symbol file
Native extension for WindowsStandalone target not found
Native extension for WebGL target not found
Refreshing native plugins compatible for Editor in 0.22 ms, found 0 plugins.
Preloading 0 native plugins for Editor in 0.00 ms.
Mono: successfully reloaded assembly
- Completed reload, in  0.767 seconds
Platform modules already initialized, skipping
Refreshing native plugins compatible for Editor in 0.23 ms, found 0 plugins.
Preloading 0 native plugins for Editor in 0.00 ms.
Unloading 1181 Unused Serialized files (Serialized files now loaded: 0)
System memory in use before: 73.1 MB.
System memory in use after: 73.2 MB.

Unloading 4 unused Assets to reduce memory usage. Loaded Objects now: 1686.
Total: 1.763300 ms (FindLiveObjects: 0.199800 ms CreateObjectMapping: 0.052100 ms MarkObjects: 1.493800 ms  DeleteObjects: 0.014200 ms)

========================================================================
Received Prepare
Registering precompiled user dll's ...
Registered in 0.000516 seconds.
Begin MonoManager ReloadAssembly
Symbol file data-000001FB9887B820 doesn't match image D:\CDV\programowaie_unity\Witchs Garden\Witch's Garden\Library\ScriptAssemblies\Unity.VSCode.Editor.dll
Symbol file LoadedFromMemory is not a mono symbol file
Native extension for WindowsStandalone target not found
Native extension for WebGL target not found
Refreshing native plugins compatible for Editor in 0.22 ms, found 0 plugins.
Preloading 0 native plugins for Editor in 0.00 ms.
Mono: successfully reloaded assembly
- Completed reload, in  0.753 seconds
Platform modules already initialized, skipping
Refreshing native plugins compatible for Editor in 0.29 ms, found 0 plugins.
Preloading 0 native plugins for Editor in 0.00 ms.
Unloading 1181 Unused Serialized files (Serialized files now loaded: 0)
System memory in use before: 73.1 MB.
System memory in use after: 73.2 MB.

Unloading 4 unused Assets to reduce memory usage. Loaded Objects now: 1689.
Total: 1.882000 ms (FindLiveObjects: 0.214700 ms CreateObjectMapping: 0.042600 ms MarkObjects: 1.610500 ms  DeleteObjects: 0.012500 ms)

========================================================================
Received Prepare
Registering precompiled user dll's ...
Registered in 0.000573 seconds.
Begin MonoManager ReloadAssembly
Symbol file data-000001FB717D9460 doesn't match image D:\CDV\programowaie_unity\Witchs Garden\Witch's Garden\Library\ScriptAssemblies\Unity.VSCode.Editor.dll
Symbol file LoadedFromMemory is not a mono symbol file
Native extension for WindowsStandalone target not found
Native extension for WebGL target not found
Refreshing native plugins compatible for Editor in 0.37 ms, found 0 plugins.
Preloading 0 native plugins for Editor in 0.00 ms.
Mono: successfully reloaded assembly
- Completed reload, in  0.715 seconds
Platform modules already initialized, skipping
Refreshing native plugins compatible for Editor in 0.23 ms, found 0 plugins.
Preloading 0 native plugins for Editor in 0.00 ms.
Unloading 1181 Unused Serialized files (Serialized files now loaded: 0)
System memory in use before: 73.1 MB.
System memory in use after: 73.2 MB.

Unloading 4 unused Assets to reduce memory usage. Loaded Objects now: 1692.
Total: 2.159700 ms (FindLiveObjects: 0.226200 ms CreateObjectMapping: 0.082000 ms MarkObjects: 1.831600 ms  DeleteObjects: 0.017800 ms)

========================================================================
Received Prepare
Registering precompiled user dll's ...
Registered in 0.000665 seconds.
Begin MonoManager ReloadAssembly
Symbol file data-000001FB717D9460 doesn't match image D:\CDV\programowaie_unity\Witchs Garden\Witch's Garden\Library\ScriptAssemblies\Unity.VSCode.Editor.dll
Symbol file LoadedFromMemory is not a mono symbol file
Native extension for WindowsStandalone target not found
Native extension for WebGL target not found
Refreshing native plugins compatible for Editor in 0.22 ms, found 0 plugins.
Preloading 0 native plugins for Editor in 0.00 ms.
Mono: successfully reloaded assembly
- Completed reload, in  0.912 seconds
Platform modules already initialized, skipping
Refreshing native plugins compatible for Editor in 0.22 ms, found 0 plugins.
Preloading 0 native plugins for Editor in 0.00 ms.
Unloading 1181 Unused Serialized files (Serialized files now loaded: 0)
System memory in use before: 73.1 MB.
System memory in use after: 73.2 MB.

Unloading 4 unused Assets to reduce memory usage. Loaded Objects now: 1695.
Total: 1.665900 ms (FindLiveObjects: 0.163200 ms CreateObjectMapping: 0.041500 ms MarkObjects: 1.446700 ms  DeleteObjects: 0.012600 ms)

========================================================================
Received Prepare
Registering precompiled user dll's ...
Registered in 0.000603 seconds.
Begin MonoManager ReloadAssembly
Symbol file data-000001FB717D9460 doesn't match image D:\CDV\programowaie_unity\Witchs Garden\Witch's Garden\Library\ScriptAssemblies\Unity.VSCode.Editor.dll
Symbol file LoadedFromMemory is not a mono symbol file
Native extension for WindowsStandalone target not found
Native extension for WebGL target not found
Refreshing native plugins compatible for Editor in 0.23 ms, found 0 plugins.
Preloading 0 native plugins for Editor in 0.00 ms.
Mono: successfully reloaded assembly
- Completed reload, in  0.745 seconds
Platform modules already initialized, skipping
Refreshing native plugins compatible for Editor in 0.22 ms, found 0 plugins.
Preloading 0 native plugins for Editor in 0.00 ms.
Unloading 1181 Unused Serialized files (Serialized files now loaded: 0)
System memory in use before: 73.1 MB.
System memory in use after: 73.2 MB.

Unloading 4 unused Assets to reduce memory usage. Loaded Objects now: 1698.
Total: 1.556100 ms (FindLiveObjects: 0.161400 ms CreateObjectMapping: 0.041700 ms MarkObjects: 1.335400 ms  DeleteObjects: 0.016300 ms)

========================================================================
Received Prepare
Registering precompiled user dll's ...
Registered in 0.000650 seconds.
Begin MonoManager ReloadAssembly
Symbol file data-000001FB717D9460 doesn't match image D:\CDV\programowaie_unity\Witchs Garden\Witch's Garden\Library\ScriptAssemblies\Unity.VSCode.Editor.dll
Symbol file LoadedFromMemory is not a mono symbol file
Native extension for WindowsStandalone target not found
Native extension for WebGL target not found
Refreshing native plugins compatible for Editor in 0.21 ms, found 0 plugins.
Preloading 0 native plugins for Editor in 0.00 ms.
Mono: successfully reloaded assembly
- Completed reload, in  0.711 seconds
Platform modules already initialized, skipping
Refreshing native plugins compatible for Editor in 0.29 ms, found 0 plugins.
Preloading 0 native plugins for Editor in 0.00 ms.
Unloading 1181 Unused Serialized files (Serialized files now loaded: 0)
System memory in use before: 73.1 MB.
System memory in use after: 73.2 MB.

Unloading 4 unused Assets to reduce memory usage. Loaded Objects now: 1701.
Total: 1.732000 ms (FindLiveObjects: 0.187800 ms CreateObjectMapping: 0.049500 ms MarkObjects: 1.478200 ms  DeleteObjects: 0.015100 ms)

AssetImportWorkerClient::OnTransportError - code=2 error=End of file
