Using pre-set license
Built from '2020.3/release' branch; Version is '2020.3.7f1 (dd97f2c94397) revision 14522354'; Using compiler version '192528614'; Build Type 'Release'
OS: 'Windows 10 Home; OS build 19043.2130; Version 2009; 64bit' Language: 'pl' Physical Memory: 8131 MB
BatchMode: 1, IsHumanControllingUs: 0, StartBugReporterOnCrash: 0, Is64bit: 1, IsPro: 0

 COMMAND LINE ARGUMENTS:
D:\programy\Unity Hub\2020.3.7f1\Editor\Unity.exe
-adb2
-batchMode
-noUpm
-name
AssetImportWorker1
-projectPath
D:/CDV/programowaie_unity/Witchs Garden/Witch's Garden
-logFile
Logs/AssetImportWorker1.log
-srvPort
49761
Successfully changed project path to: D:/CDV/programowaie_unity/Witchs Garden/Witch's Garden
D:/CDV/programowaie_unity/Witchs Garden/Witch's Garden
Using Asset Import Pipeline V2.
Refreshing native plugins compatible for Editor in 23.14 ms, found 0 plugins.
Preloading 0 native plugins for Editor in 0.00 ms.
Initialize engine version: 2020.3.7f1 (dd97f2c94397)
[Subsystems] Discovering subsystems at path D:/programy/Unity Hub/2020.3.7f1/Editor/Data/Resources/UnitySubsystems
[Subsystems] Discovering subsystems at path D:/CDV/programowaie_unity/Witchs Garden/Witch's Garden/Assets
GfxDevice: creating device client; threaded=0
Direct3D:
    Version:  Direct3D 11.0 [level 11.1]
    Renderer: NVIDIA GeForce GTX 1050 Ti (ID=0x1c82)
    Vendor:   
    VRAM:     4018 MB
    Driver:   27.21.14.5751
Initialize mono
Mono path[0] = 'D:/programy/Unity Hub/2020.3.7f1/Editor/Data/Managed'
Mono path[1] = 'D:/programy/Unity Hub/2020.3.7f1/Editor/Data/MonoBleedingEdge/lib/mono/unityjit'
Mono config path = 'D:/programy/Unity Hub/2020.3.7f1/Editor/Data/MonoBleedingEdge/etc'
Using monoOptions --debugger-agent=transport=dt_socket,embedding=1,server=y,suspend=n,address=127.0.0.1:56188
Begin MonoManager ReloadAssembly
Registering precompiled unity dll's ...
Register platform support module: D:/programy/Unity Hub/2020.3.7f1/Editor/Data/PlaybackEngines/WebGLSupport/UnityEditor.WebGL.Extensions.dll
Register platform support module: D:/programy/Unity Hub/2020.3.7f1/Editor/Data/PlaybackEngines/WindowsStandaloneSupport/UnityEditor.WindowsStandalone.Extensions.dll
Registered in 0.001275 seconds.
Native extension for WindowsStandalone target not found
Native extension for WebGL target not found
Refreshing native plugins compatible for Editor in 24.56 ms, found 0 plugins.
Preloading 0 native plugins for Editor in 0.00 ms.
Mono: successfully reloaded assembly
- Completed reload, in  0.964 seconds
Platform modules already initialized, skipping
Registering precompiled user dll's ...
Registered in 0.000582 seconds.
Begin MonoManager ReloadAssembly
Native extension for WindowsStandalone target not found
Native extension for WebGL target not found
Refreshing native plugins compatible for Editor in 0.34 ms, found 0 plugins.
Preloading 0 native plugins for Editor in 0.00 ms.
Mono: successfully reloaded assembly
- Completed reload, in  1.090 seconds
Platform modules already initialized, skipping
========================================================================
Worker process is ready to serve import requests
Launched and connected shader compiler UnityShaderCompiler.exe after 0.23 seconds
Refreshing native plugins compatible for Editor in 0.21 ms, found 0 plugins.
Preloading 0 native plugins for Editor in 0.00 ms.
Unloading 1156 Unused Serialized files (Serialized files now loaded: 0)
System memory in use before: 68.2 MB.
System memory in use after: 68.3 MB.

Unloading 9 unused Assets to reduce memory usage. Loaded Objects now: 1599.
Total: 2.114800 ms (FindLiveObjects: 0.226800 ms CreateObjectMapping: 0.066400 ms MarkObjects: 1.759500 ms  DeleteObjects: 0.060500 ms)

========================================================================
Received Import Request.
  path: Assets/placeholder/plant2.png
  artifactKey: Guid(40a23ee4fa7274d43ba7e9ce18369291) Importer(815301076,1909f56bfc062723c751e8b465ee728b)
Start importing Assets/placeholder/plant2.png using Guid(40a23ee4fa7274d43ba7e9ce18369291) Importer(815301076,1909f56bfc062723c751e8b465ee728b)  -> (artifact id: '85f223951e49b06eaaa1f65095044e43') in 0.223082 seconds
  Import took 0.246239 seconds .

========================================================================
Received Import Request.
  Time since last request: 0.000237 seconds.
  path: Assets/scripts/PlotManager.cs
  artifactKey: Guid(34a7aca0a824a0c4ea85d4289b572498) Importer(815301076,1909f56bfc062723c751e8b465ee728b)
Start importing Assets/scripts/PlotManager.cs using Guid(34a7aca0a824a0c4ea85d4289b572498) Importer(815301076,1909f56bfc062723c751e8b465ee728b)  -> (artifact id: '08d110b55836fd1fd05dfc79616090fe') in 0.017446 seconds
  Import took 0.066452 seconds .

========================================================================
Received Import Request.
  Time since last request: 0.000247 seconds.
  path: Assets/placeholder/plant-clipart-transparent-9.png
  artifactKey: Guid(8c24bebbad800ba4e8859081db68bb63) Importer(815301076,1909f56bfc062723c751e8b465ee728b)
Start importing Assets/placeholder/plant-clipart-transparent-9.png using Guid(8c24bebbad800ba4e8859081db68bb63) Importer(815301076,1909f56bfc062723c751e8b465ee728b)  -> (artifact id: '770bf1de52be1305f9d201045582c66f') in 0.068599 seconds
  Import took 0.078406 seconds .

========================================================================
Received Import Request.
  Time since last request: 85.430207 seconds.
  path: Assets/placeholder/plant-clipart-transparent-9.png
  artifactKey: Guid(8c24bebbad800ba4e8859081db68bb63) Importer(815301076,1909f56bfc062723c751e8b465ee728b)
Start importing Assets/placeholder/plant-clipart-transparent-9.png using Guid(8c24bebbad800ba4e8859081db68bb63) Importer(815301076,1909f56bfc062723c751e8b465ee728b)  -> (artifact id: '2639800b31e462218bfc1bf71797ee13') in 0.219461 seconds
  Import took 0.241927 seconds .

========================================================================
Received Import Request.
  Time since last request: 12.633498 seconds.
  path: Assets/placeholder/plant2.png
  artifactKey: Guid(40a23ee4fa7274d43ba7e9ce18369291) Importer(815301076,1909f56bfc062723c751e8b465ee728b)
Start importing Assets/placeholder/plant2.png using Guid(40a23ee4fa7274d43ba7e9ce18369291) Importer(815301076,1909f56bfc062723c751e8b465ee728b)  -> (artifact id: '3622730a07464f86934079858bfc2366') in 0.032590 seconds
  Import took 0.045757 seconds .

========================================================================
Received Prepare
Registering precompiled user dll's ...
Registered in 0.000492 seconds.
Begin MonoManager ReloadAssembly
Native extension for WindowsStandalone target not found
Native extension for WebGL target not found
Refreshing native plugins compatible for Editor in 0.20 ms, found 0 plugins.
Preloading 0 native plugins for Editor in 0.00 ms.
Mono: successfully reloaded assembly
- Completed reload, in  0.695 seconds
Platform modules already initialized, skipping
Refreshing native plugins compatible for Editor in 0.23 ms, found 0 plugins.
Preloading 0 native plugins for Editor in 0.00 ms.
Unloading 1144 Unused Serialized files (Serialized files now loaded: 0)
System memory in use before: 71.0 MB.
System memory in use after: 71.1 MB.

Unloading 9 unused Assets to reduce memory usage. Loaded Objects now: 1607.
Total: 1.553800 ms (FindLiveObjects: 0.151000 ms CreateObjectMapping: 0.036800 ms MarkObjects: 1.349700 ms  DeleteObjects: 0.015200 ms)

========================================================================
Received Prepare
Registering precompiled user dll's ...
Registered in 0.000682 seconds.
Begin MonoManager ReloadAssembly
Native extension for WindowsStandalone target not found
Native extension for WebGL target not found
Refreshing native plugins compatible for Editor in 0.20 ms, found 0 plugins.
Preloading 0 native plugins for Editor in 0.00 ms.
Mono: successfully reloaded assembly
- Completed reload, in  0.691 seconds
Platform modules already initialized, skipping
Refreshing native plugins compatible for Editor in 0.20 ms, found 0 plugins.
Preloading 0 native plugins for Editor in 0.00 ms.
Unloading 1144 Unused Serialized files (Serialized files now loaded: 0)
System memory in use before: 71.0 MB.
System memory in use after: 71.1 MB.

Unloading 4 unused Assets to reduce memory usage. Loaded Objects now: 1610.
Total: 1.765400 ms (FindLiveObjects: 0.157700 ms CreateObjectMapping: 0.041000 ms MarkObjects: 1.552200 ms  DeleteObjects: 0.012600 ms)

========================================================================
Received Import Request.
  Time since last request: 306.661674 seconds.
  path: Assets/Art/Plants
  artifactKey: Guid(52310466c2afb334699aa1b1561266d3) Importer(815301076,1909f56bfc062723c751e8b465ee728b)
Start importing Assets/Art/Plants using Guid(52310466c2afb334699aa1b1561266d3) Importer(815301076,1909f56bfc062723c751e8b465ee728b)  -> (artifact id: '8ae1c8bab3edbe3f74f2f3c6fc5388ba') in 0.110129 seconds
  Import took 0.136326 seconds .

========================================================================
Received Prepare
Registering precompiled user dll's ...
Registered in 0.000509 seconds.
Begin MonoManager ReloadAssembly
Native extension for WindowsStandalone target not found
Native extension for WebGL target not found
Refreshing native plugins compatible for Editor in 0.32 ms, found 0 plugins.
Preloading 0 native plugins for Editor in 0.00 ms.
Mono: successfully reloaded assembly
- Completed reload, in  0.691 seconds
Platform modules already initialized, skipping
Refreshing native plugins compatible for Editor in 0.20 ms, found 0 plugins.
Preloading 0 native plugins for Editor in 0.00 ms.
Unloading 1144 Unused Serialized files (Serialized files now loaded: 0)
System memory in use before: 71.1 MB.
System memory in use after: 71.2 MB.

Unloading 4 unused Assets to reduce memory usage. Loaded Objects now: 1613.
Total: 1.597900 ms (FindLiveObjects: 0.123800 ms CreateObjectMapping: 0.034300 ms MarkObjects: 1.423400 ms  DeleteObjects: 0.015100 ms)

AssetImportWorkerClient::OnTransportError - code=2 error=End of file
